#
# There is insufficient memory for the Java Runtime Environment to continue.
# Native memory allocation (malloc) failed to allocate 970016 bytes for Chunk::new
# Possible reasons:
#   The system is out of physical RAM or swap space
#   In 32 bit mode, the process size limit was hit
# Possible solutions:
#   Reduce memory load on the system
#   Increase physical memory or swap space
#   Check if swap backing store is full
#   Use 64 bit Java on a 64 bit OS
#   Decrease Java heap size (-Xmx/-Xms)
#   Decrease number of Java threads
#   Decrease Java thread stack sizes (-Xss)
#   Set larger code cache with -XX:ReservedCodeCacheSize=
# This output file may be truncated or incomplete.
#
#  Out of Memory Error (allocation.cpp:390), pid=8108, tid=0x000000000000172c
#
# JRE version: OpenJDK Runtime Environment (8.0_112-b06) (build 1.8.0_112-release-b06)
# Java VM: OpenJDK 64-Bit Server VM (25.112-b06 mixed mode windows-amd64 compressed oops)
# Failed to write core dump. Minidumps are not enabled by default on client versions of Windows
#

---------------  T H R E A D  ---------------

Current thread (0x0000000016ad8000):  JavaThread "C2 CompilerThread0" daemon [_thread_in_native, id=5932, stack(0x00000000180c0000,0x00000000181c0000)]

Stack: [0x00000000180c0000,0x00000000181c0000]
[error occurred during error reporting (printing stack bounds), id 0xc0000005]

Native frames: (J=compiled Java code, j=interpreted, Vv=VM code, C=native code)


Current CompileTask:
C2:7705173 13312       4       com.sun.org.apache.xerces.internal.dom.CoreDocumentImpl::undeferChildren (146 bytes)


---------------  P R O C E S S  ---------------

Java Threads: ( => current thread )
  0x000000001be3a000 JavaThread "Build Event Notification" [_thread_in_native, id=7676, stack(0x000000001aff0000,0x000000001b0f0000)]
  0x000000001be38800 JavaThread "Cache update executor" [_thread_blocked, id=4596, stack(0x000000001aef0000,0x000000001aff0000)]
  0x000000001be37000 JavaThread "Stdin handler" [_thread_blocked, id=5144, stack(0x000000001adf0000,0x000000001aef0000)]
  0x000000001be35800 JavaThread "Asynchronous log dispatcher for DefaultDaemonConnection: socket connection from /127.0.0.1:57762 to /127.0.0.1:50138" [_thread_blocked, id=6080, stack(0x000000001acf0000,0x000000001adf0000)]
  0x000000001be35000 JavaThread "Daemon worker Thread 3" [_thread_in_native, id=7284, stack(0x000000001aaf0000,0x000000001abf0000)]
  0x000000001be34000 JavaThread "Cancel handler" [_thread_blocked, id=3976, stack(0x0000000002d50000,0x0000000002e50000)]
  0x000000001be38000 JavaThread "Handler for socket connection from /127.0.0.1:57762 to /127.0.0.1:50138" [_thread_in_native, id=560, stack(0x00000000014d0000,0x00000000015d0000)]
  0x000000001be39800 JavaThread "Daemon Thread 3" [_thread_blocked, id=8608, stack(0x00000000013b0000,0x00000000014b0000)]
  0x000000001bf53800 JavaThread "File lock request listener" [_thread_in_native, id=5912, stack(0x000000001e550000,0x000000001e650000)]
  0x0000000019b05800 JavaThread "pool-1-thread-1" [_thread_blocked, id=7920, stack(0x000000001abf0000,0x000000001acf0000)]
  0x0000000019968800 JavaThread "Incoming local TCP Connector on port 57762" [_thread_in_native, id=7652, stack(0x000000001a190000,0x000000001a290000)]
  0x000000001830f000 JavaThread "Service Thread" daemon [_thread_blocked, id=2468, stack(0x00000000187c0000,0x00000000188c0000)]
  0x0000000016aed000 JavaThread "C1 CompilerThread2" daemon [_thread_blocked, id=8916, stack(0x00000000186c0000,0x00000000187c0000)]
  0x0000000016ae7800 JavaThread "C2 CompilerThread1" daemon [_thread_in_native, id=8508, stack(0x00000000181c0000,0x00000000182c0000)]
=>0x0000000016ad8000 JavaThread "C2 CompilerThread0" daemon [_thread_in_native, id=5932, stack(0x00000000180c0000,0x00000000181c0000)]
  0x0000000016ad6800 JavaThread "Attach Listener" daemon [_thread_blocked, id=3892, stack(0x0000000017fc0000,0x00000000180c0000)]
  0x0000000016a85800 JavaThread "Signal Dispatcher" daemon [_thread_blocked, id=6576, stack(0x0000000017ec0000,0x0000000017fc0000)]
  0x000000000311b000 JavaThread "Finalizer" daemon [_thread_blocked, id=5676, stack(0x0000000017ce0000,0x0000000017de0000)]
  0x0000000003110000 JavaThread "Reference Handler" daemon [_thread_blocked, id=6864, stack(0x0000000017be0000,0x0000000017ce0000)]
  0x0000000003020800 JavaThread "main" [_thread_blocked, id=4720, stack(0x0000000002f20000,0x0000000003020000)]

Other Threads:
  0x0000000016a55800 VMThread [stack: 0x0000000017ae0000,0x0000000017be0000] [id=3604]
  0x0000000018310000 WatcherThread [stack: 0x00000000188c0000,0x00000000189c0000] [id=2476]

VM state:not at safepoint (normal execution)

VM Mutex/Monitor currently owned by a thread: None

Heap:
 PSYoungGen      total 460800K, used 303062K [0x00000000e0000000, 0x00000000feb00000, 0x0000000100000000)
  eden space 428544K, 68% used [0x00000000e0000000,0x00000000f1dbc030,0x00000000fa280000)
  from space 32256K, 32% used [0x00000000fc100000,0x00000000fcb39800,0x00000000fe080000)
  to   space 31232K, 0% used [0x00000000fa280000,0x00000000fa280000,0x00000000fc100000)
 ParOldGen       total 159232K, used 51676K [0x00000000a0000000, 0x00000000a9b80000, 0x00000000e0000000)
  object space 159232K, 32% used [0x00000000a0000000,0x00000000a3277168,0x00000000a9b80000)
 Metaspace       used 67473K, capacity 70926K, committed 71168K, reserved 1110016K
  class space    used 8886K, capacity 9678K, committed 9728K, reserved 1048576K

Card table byte_map: [0x00000000124e0000,0x00000000127f0000] byte_map_base: 0x0000000011fe0000

Marking Bits: (ParMarkBitMap*) 0x00000000553318f0
 Begin Bits: [0x0000000012df0000, 0x00000000145f0000)
 End Bits:   [0x00000000145f0000, 0x0000000015df0000)

Polling page: 0x00000000011e0000

CodeCache: size=245760Kb used=37931Kb max_used=37943Kb free=207828Kb
 bounds [0x0000000003120000, 0x0000000005660000, 0x0000000012120000]
 total_blobs=11742 nmethods=10937 adapters=716
 compilation: enabled

Compilation events (10 events):
Event: 7704.617 Thread 0x0000000016ad8000 nmethod 13272 0x000000000565b150 code [0x000000000565b2e0, 0x000000000565baa8]
Event: 7704.617 Thread 0x0000000016ad8000 13264       4       com.sun.org.apache.xerces.internal.dom.NamedNodeMapImpl::getNamedItemNS (32 bytes)
Event: 7704.624 Thread 0x0000000016ad8000 nmethod 13264 0x000000000565c690 code [0x000000000565c840, 0x000000000565d288]
Event: 7704.624 Thread 0x0000000016ad8000 13303       4       com.android.ide.common.res2.ResourceMerger::requiresMerge (7 bytes)
Event: 7704.626 Thread 0x0000000016ad8000 nmethod 13303 0x0000000005659510 code [0x0000000005659660, 0x00000000056597b8]
Event: 7704.626 Thread 0x0000000016ad8000 13305       4       com.android.ide.common.res2.MergedResourceWriter::addItem (9 bytes)
Event: 7704.626 Thread 0x0000000016aed000 13309       3       java.util.ComparableTimSort::ensureCapacity (91 bytes)
Event: 7704.627 Thread 0x0000000016aed000 nmethod 13309 0x0000000005658e50 code [0x0000000005658fc0, 0x0000000005659330]
Event: 7704.628 Thread 0x0000000016ad8000 nmethod 13305 0x0000000005653910 code [0x0000000005653aa0, 0x0000000005653d48]
Event: 7704.628 Thread 0x0000000016ad8000 13312       4       com.sun.org.apache.xerces.internal.dom.CoreDocumentImpl::undeferChildren (146 bytes)

GC Heap History (10 events):
Event: 4642.639 GC heap before
{Heap before GC invocations=15 (full 3):
 PSYoungGen      total 275456K, used 244736K [0x00000000e0000000, 0x00000000f6e80000, 0x0000000100000000)
  eden space 244736K, 100% used [0x00000000e0000000,0x00000000eef00000,0x00000000eef00000)
  from space 30720K, 0% used [0x00000000eef00000,0x00000000eef00000,0x00000000f0d00000)
  to   space 30720K, 0% used [0x00000000f5080000,0x00000000f5080000,0x00000000f6e80000)
 ParOldGen       total 159232K, used 45736K [0x00000000a0000000, 0x00000000a9b80000, 0x00000000e0000000)
  object space 159232K, 28% used [0x00000000a0000000,0x00000000a2caa148,0x00000000a9b80000)
 Metaspace       used 64376K, capacity 67162K, committed 67456K, reserved 1107968K
  class space    used 8531K, capacity 9242K, committed 9344K, reserved 1048576K
Event: 4642.737 GC heap after
Heap after GC invocations=15 (full 3):
 PSYoungGen      total 328192K, used 10675K [0x00000000e0000000, 0x00000000f6500000, 0x0000000100000000)
  eden space 307200K, 0% used [0x00000000e0000000,0x00000000e0000000,0x00000000f2c00000)
  from space 20992K, 50% used [0x00000000f5080000,0x00000000f5aecd48,0x00000000f6500000)
  to   space 29184K, 0% used [0x00000000f2c00000,0x00000000f2c00000,0x00000000f4880000)
 ParOldGen       total 159232K, used 45744K [0x00000000a0000000, 0x00000000a9b80000, 0x00000000e0000000)
  object space 159232K, 28% used [0x00000000a0000000,0x00000000a2cac148,0x00000000a9b80000)
 Metaspace       used 64376K, capacity 67162K, committed 67456K, reserved 1107968K
  class space    used 8531K, capacity 9242K, committed 9344K, reserved 1048576K
}
Event: 4650.157 GC heap before
{Heap before GC invocations=16 (full 3):
 PSYoungGen      total 328192K, used 317875K [0x00000000e0000000, 0x00000000f6500000, 0x0000000100000000)
  eden space 307200K, 100% used [0x00000000e0000000,0x00000000f2c00000,0x00000000f2c00000)
  from space 20992K, 50% used [0x00000000f5080000,0x00000000f5aecd48,0x00000000f6500000)
  to   space 29184K, 0% used [0x00000000f2c00000,0x00000000f2c00000,0x00000000f4880000)
 ParOldGen       total 159232K, used 45744K [0x00000000a0000000, 0x00000000a9b80000, 0x00000000e0000000)
  object space 159232K, 28% used [0x00000000a0000000,0x00000000a2cac148,0x00000000a9b80000)
 Metaspace       used 65083K, capacity 68118K, committed 68224K, reserved 1107968K
  class space    used 8581K, capacity 9316K, committed 9344K, reserved 1048576K
Event: 4650.185 GC heap after
Heap after GC invocations=16 (full 3):
 PSYoungGen      total 318976K, used 22881K [0x00000000e0000000, 0x00000000f5e00000, 0x0000000100000000)
  eden space 295936K, 0% used [0x00000000e0000000,0x00000000e0000000,0x00000000f2100000)
  from space 23040K, 99% used [0x00000000f2c00000,0x00000000f4258490,0x00000000f4280000)
  to   space 28160K, 0% used [0x00000000f4280000,0x00000000f4280000,0x00000000f5e00000)
 ParOldGen       total 159232K, used 45752K [0x00000000a0000000, 0x00000000a9b80000, 0x00000000e0000000)
  object space 159232K, 28% used [0x00000000a0000000,0x00000000a2cae148,0x00000000a9b80000)
 Metaspace       used 65083K, capacity 68118K, committed 68224K, reserved 1107968K
  class space    used 8581K, capacity 9316K, committed 9344K, reserved 1048576K
}
Event: 4651.238 GC heap before
{Heap before GC invocations=17 (full 3):
 PSYoungGen      total 318976K, used 318434K [0x00000000e0000000, 0x00000000f5e00000, 0x0000000100000000)
  eden space 295936K, 99% used [0x00000000e0000000,0x00000000f20a0650,0x00000000f2100000)
  from space 23040K, 99% used [0x00000000f2c00000,0x00000000f4258490,0x00000000f4280000)
  to   space 28160K, 0% used [0x00000000f4280000,0x00000000f4280000,0x00000000f5e00000)
 ParOldGen       total 159232K, used 45752K [0x00000000a0000000, 0x00000000a9b80000, 0x00000000e0000000)
  object space 159232K, 28% used [0x00000000a0000000,0x00000000a2cae148,0x00000000a9b80000)
 Metaspace       used 66795K, capacity 69980K, committed 70016K, reserved 1110016K
  class space    used 8821K, capacity 9565K, committed 9600K, reserved 1048576K
Event: 4651.251 GC heap after
Heap after GC invocations=17 (full 3):
 PSYoungGen      total 310272K, used 24679K [0x00000000e0000000, 0x00000000f5b00000, 0x0000000100000000)
  eden space 285184K, 0% used [0x00000000e0000000,0x00000000e0000000,0x00000000f1680000)
  from space 25088K, 98% used [0x00000000f4280000,0x00000000f5a99e90,0x00000000f5b00000)
  to   space 33792K, 0% used [0x00000000f1900000,0x00000000f1900000,0x00000000f3a00000)
 ParOldGen       total 159232K, used 45760K [0x00000000a0000000, 0x00000000a9b80000, 0x00000000e0000000)
  object space 159232K, 28% used [0x00000000a0000000,0x00000000a2cb0148,0x00000000a9b80000)
 Metaspace       used 66795K, capacity 69980K, committed 70016K, reserved 1110016K
  class space    used 8821K, capacity 9565K, committed 9600K, reserved 1048576K
}
Event: 4651.283 GC heap before
{Heap before GC invocations=18 (full 3):
 PSYoungGen      total 310272K, used 309234K [0x00000000e0000000, 0x00000000f5b00000, 0x0000000100000000)
  eden space 285184K, 99% used [0x00000000e0000000,0x00000000f15e2ad8,0x00000000f1680000)
  from space 25088K, 98% used [0x00000000f4280000,0x00000000f5a99e90,0x00000000f5b00000)
  to   space 33792K, 0% used [0x00000000f1900000,0x00000000f1900000,0x00000000f3a00000)
 ParOldGen       total 159232K, used 45760K [0x00000000a0000000, 0x00000000a9b80000, 0x00000000e0000000)
  object space 159232K, 28% used [0x00000000a0000000,0x00000000a2cb0148,0x00000000a9b80000)
 Metaspace       used 66802K, capacity 69980K, committed 70016K, reserved 1110016K
  class space    used 8821K, capacity 9565K, committed 9600K, reserved 1048576K
Event: 4651.294 GC heap after
Heap after GC invocations=18 (full 3):
 PSYoungGen      total 321536K, used 16168K [0x00000000e0000000, 0x00000000fe080000, 0x0000000100000000)
  eden space 287744K, 0% used [0x00000000e0000000,0x00000000e0000000,0x00000000f1900000)
  from space 33792K, 47% used [0x00000000f1900000,0x00000000f28ca1f8,0x00000000f3a00000)
  to   space 32256K, 0% used [0x00000000fc100000,0x00000000fc100000,0x00000000fe080000)
 ParOldGen       total 159232K, used 45768K [0x00000000a0000000, 0x00000000a9b80000, 0x00000000e0000000)
  object space 159232K, 28% used [0x00000000a0000000,0x00000000a2cb2148,0x00000000a9b80000)
 Metaspace       used 66802K, capacity 69980K, committed 70016K, reserved 1110016K
  class space    used 8821K, capacity 9565K, committed 9600K, reserved 1048576K
}
Event: 4651.367 GC heap before
{Heap before GC invocations=19 (full 3):
 PSYoungGen      total 321536K, used 303912K [0x00000000e0000000, 0x00000000fe080000, 0x0000000100000000)
  eden space 287744K, 100% used [0x00000000e0000000,0x00000000f1900000,0x00000000f1900000)
  from space 33792K, 47% used [0x00000000f1900000,0x00000000f28ca1f8,0x00000000f3a00000)
  to   space 32256K, 0% used [0x00000000fc100000,0x00000000fc100000,0x00000000fe080000)
 ParOldGen       total 159232K, used 45768K [0x00000000a0000000, 0x00000000a9b80000, 0x00000000e0000000)
  object space 159232K, 28% used [0x00000000a0000000,0x00000000a2cb2148,0x00000000a9b80000)
 Metaspace       used 66821K, capacity 70024K, committed 70272K, reserved 1110016K
  class space    used 8826K, capacity 9599K, committed 9600K, reserved 1048576K
Event: 4651.387 GC heap after
Heap after GC invocations=19 (full 3):
 PSYoungGen      total 460800K, used 10470K [0x00000000e0000000, 0x00000000feb00000, 0x0000000100000000)
  eden space 428544K, 0% used [0x00000000e0000000,0x00000000e0000000,0x00000000fa280000)
  from space 32256K, 32% used [0x00000000fc100000,0x00000000fcb39800,0x00000000fe080000)
  to   space 31232K, 0% used [0x00000000fa280000,0x00000000fa280000,0x00000000fc100000)
 ParOldGen       total 159232K, used 51676K [0x00000000a0000000, 0x00000000a9b80000, 0x00000000e0000000)
  object space 159232K, 32% used [0x00000000a0000000,0x00000000a3277168,0x00000000a9b80000)
 Metaspace       used 66821K, capacity 70024K, committed 70272K, reserved 1110016K
  class space    used 8826K, capacity 9599K, committed 9600K, reserved 1048576K
}

Deoptimization events (10 events):
Event: 4651.535 Thread 0x000000001be3a000 Uncommon trap: reason=null_check action=make_not_entrant pc=0x00000000050a104c method=org.slf4j.helpers.MessageFormatter.getThrowableCandidate([Ljava/lang/Object;)Ljava/lang/Throwable; @ 19
Event: 7693.602 Thread 0x000000001be35000 Uncommon trap: reason=unstable_if action=reinterpret pc=0x0000000005446f70 method=sun.util.calendar.BaseCalendar$Date.hit(J)Z @ 6
Event: 7695.533 Thread 0x000000001be35000 Uncommon trap: reason=unstable_if action=reinterpret pc=0x000000000338c3c8 method=org.codehaus.groovy.util.ReferenceManager$CallBackedManager.removeStallEntries0(Ljava/lang/ref/ReferenceQueue;)V @ 6
Event: 7698.330 Thread 0x000000001be35000 Uncommon trap: reason=class_check action=maybe_recompile pc=0x0000000003ba04a8 method=java.io.FilterInputStream.read([BII)I @ 7
Event: 7698.334 Thread 0x000000001be35000 Uncommon trap: reason=null_check action=make_not_entrant pc=0x0000000005122e30 method=org.gradle.api.internal.collections.CollectionFilter.filter(Ljava/lang/Object;)Ljava/lang/Object; @ 5
Event: 7701.902 Thread 0x000000001be35000 Uncommon trap: reason=class_check action=maybe_recompile pc=0x0000000004e1d464 method=com.google.common.collect.AbstractMapBasedMultimap$WrappedCollection.refreshIfEmpty()V @ 40
Event: 7702.526 Thread 0x000000001be35000 Uncommon trap: reason=null_check action=make_not_entrant pc=0x0000000005561288 method=java.lang.Class.isEnum()Z @ 1
Event: 7703.022 Thread 0x000000001be35000 Uncommon trap: reason=class_check action=maybe_recompile pc=0x00000000036a6c00 method=java.util.regex.Matcher.getTextLength()I @ 4
Event: 7703.022 Thread 0x000000001be35000 Uncommon trap: reason=class_check action=maybe_recompile pc=0x000000000443d238 method=java.util.regex.Matcher.getSubSequence(II)Ljava/lang/CharSequence; @ 6
Event: 7704.568 Thread 0x000000001be35000 Uncommon trap: reason=null_check action=make_not_entrant pc=0x0000000005636b9c method=com.sun.org.apache.xerces.internal.dom.NamedNodeMapImpl.findNamePoint(Ljava/lang/String;Ljava/lang/String;)I @ 76

Internal exceptions (10 events):
Event: 7701.410 Thread 0x000000001be35000 Exception <a 'sun/nio/fs/WindowsException'> (0x00000000e75c9510) thrown at [C:\src\android\AOSP-openjdk\external\jetbrains\jdk\hotspot\src\share\vm\prims\jni.cpp, line 709]
Event: 7701.410 Thread 0x000000001be35000 Exception <a 'sun/nio/fs/WindowsException'> (0x00000000e75cb1b8) thrown at [C:\src\android\AOSP-openjdk\external\jetbrains\jdk\hotspot\src\share\vm\prims\jni.cpp, line 709]
Event: 7701.410 Thread 0x000000001be35000 Exception <a 'sun/nio/fs/WindowsException'> (0x00000000e75cbbb8) thrown at [C:\src\android\AOSP-openjdk\external\jetbrains\jdk\hotspot\src\share\vm\prims\jni.cpp, line 709]
Event: 7701.416 Thread 0x000000001be35000 Exception <a 'sun/nio/fs/WindowsException'> (0x00000000e75ceae8) thrown at [C:\src\android\AOSP-openjdk\external\jetbrains\jdk\hotspot\src\share\vm\prims\jni.cpp, line 709]
Event: 7701.416 Thread 0x000000001be35000 Exception <a 'sun/nio/fs/WindowsException'> (0x00000000e75cf428) thrown at [C:\src\android\AOSP-openjdk\external\jetbrains\jdk\hotspot\src\share\vm\prims\jni.cpp, line 709]
Event: 7701.416 Thread 0x000000001be35000 Exception <a 'sun/nio/fs/WindowsException'> (0x00000000e75d0f40) thrown at [C:\src\android\AOSP-openjdk\external\jetbrains\jdk\hotspot\src\share\vm\prims\jni.cpp, line 709]
Event: 7701.416 Thread 0x000000001be35000 Exception <a 'sun/nio/fs/WindowsException'> (0x00000000e75d1890) thrown at [C:\src\android\AOSP-openjdk\external\jetbrains\jdk\hotspot\src\share\vm\prims\jni.cpp, line 709]
Event: 7702.517 Thread 0x000000001be35000 Exception <a 'java/lang/reflect/InvocationTargetException'> (0x00000000ef707328) thrown at [C:\src\android\AOSP-openjdk\external\jetbrains\jdk\hotspot\src\share\vm\runtime\reflection.cpp, line 1092]
Event: 7702.530 Thread 0x000000001be35000 Exception <a 'java/lang/reflect/InvocationTargetException'> (0x00000000ef733ef8) thrown at [C:\src\android\AOSP-openjdk\external\jetbrains\jdk\hotspot\src\share\vm\runtime\reflection.cpp, line 1092]
Event: 7704.568 Thread 0x000000001be35000 Implicit null exception at 0x00000000056365d7 to 0x0000000005636b79

Events (10 events):
Event: 7704.587 Thread 0x000000001be35000 DEOPT PACKING pc=0x0000000004dec526 sp=0x000000001abeb900
Event: 7704.587 Thread 0x000000001be35000 DEOPT UNPACKING pc=0x00000000031675bf sp=0x000000001abeb700 mode 0
Event: 7704.587 Thread 0x000000001be35000 DEOPT PACKING pc=0x0000000004dec526 sp=0x000000001abeb900
Event: 7704.587 Thread 0x000000001be35000 DEOPT UNPACKING pc=0x00000000031675bf sp=0x000000001abeb700 mode 0
Event: 7704.587 Thread 0x000000001be35000 DEOPT PACKING pc=0x0000000004dec526 sp=0x000000001abeb900
Event: 7704.587 Thread 0x000000001be35000 DEOPT UNPACKING pc=0x00000000031675bf sp=0x000000001abeb700 mode 0
Event: 7704.588 Thread 0x000000001be35000 DEOPT PACKING pc=0x0000000004dec526 sp=0x000000001abeb900
Event: 7704.588 Thread 0x000000001be35000 DEOPT UNPACKING pc=0x00000000031675bf sp=0x000000001abeb700 mode 0
Event: 7704.590 Thread 0x000000001be35000 DEOPT PACKING pc=0x0000000004e44acc sp=0x000000001abebdf0
Event: 7704.590 Thread 0x000000001be35000 DEOPT UNPACKING pc=0x00000000031675bf sp=0x000000001abebb70 mode 0


Dynamic libraries:
0x00007ff7d1cf0000 - 0x00007ff7d1d21000 	C:\Program Files\Android\Android Studio\jre\bin\java.exe
0x00007ffc83bd0000 - 0x00007ffc83d92000 	C:\Windows\SYSTEM32\ntdll.dll
0x00007ffc81360000 - 0x00007ffc8140d000 	C:\Windows\system32\KERNEL32.DLL
0x00007ffc808b0000 - 0x00007ffc80a8d000 	C:\Windows\system32\KERNELBASE.dll
0x00007ffc83650000 - 0x00007ffc836f6000 	C:\Windows\system32\ADVAPI32.dll
0x00007ffc81410000 - 0x00007ffc814ad000 	C:\Windows\system32\msvcrt.dll
0x00007ffc835e0000 - 0x00007ffc8363b000 	C:\Windows\system32\sechost.dll
0x00007ffc81d20000 - 0x00007ffc81e46000 	C:\Windows\system32\RPCRT4.dll
0x00007ffc83880000 - 0x00007ffc839ce000 	C:\Windows\system32\USER32.dll
0x00007ffc81570000 - 0x00007ffc816f3000 	C:\Windows\system32\GDI32.dll
0x00007ffc72eb0000 - 0x00007ffc73124000 	C:\Windows\WinSxS\amd64_microsoft.windows.common-controls_6595b64144ccf1df_6.0.10240.17184_none_f41d7a705752bce6\COMCTL32.dll
0x00007ffc839e0000 - 0x00007ffc83a16000 	C:\Windows\system32\IMM32.DLL
0x00007ffc81bc0000 - 0x00007ffc81d1c000 	C:\Windows\system32\MSCTF.dll
0x0000000054a90000 - 0x0000000054b62000 	C:\Program Files\Android\Android Studio\jre\jre\bin\msvcr100.dll
0x0000000054b70000 - 0x00000000553ac000 	C:\Program Files\Android\Android Studio\jre\jre\bin\server\jvm.dll
0x00007ffc83640000 - 0x00007ffc83648000 	C:\Windows\system32\PSAPI.DLL
0x00007ffc76e80000 - 0x00007ffc76e89000 	C:\Windows\SYSTEM32\WSOCK32.dll
0x00007ffc81e50000 - 0x00007ffc81eb9000 	C:\Windows\system32\WS2_32.dll
0x00007ffc81bb0000 - 0x00007ffc81bb8000 	C:\Windows\system32\NSI.dll
0x00007ffc7e980000 - 0x00007ffc7e9a3000 	C:\Windows\SYSTEM32\WINMM.dll
0x00007ffc78760000 - 0x00007ffc7876a000 	C:\Windows\SYSTEM32\VERSION.dll
0x00000000015f0000 - 0x000000000161c000 	C:\Windows\SYSTEM32\WINMMBASE.dll
0x00007ffc80750000 - 0x00007ffc80794000 	C:\Windows\system32\cfgmgr32.dll
0x00007ffc7ef70000 - 0x00007ffc7ef97000 	C:\Windows\SYSTEM32\DEVOBJ.dll
0x00007ffc7ed40000 - 0x00007ffc7ed4f000 	C:\Program Files\Android\Android Studio\jre\jre\bin\verify.dll
0x00007ffc77b20000 - 0x00007ffc77b49000 	C:\Program Files\Android\Android Studio\jre\jre\bin\java.dll
0x00007ffc78330000 - 0x00007ffc78346000 	C:\Program Files\Android\Android Studio\jre\jre\bin\zip.dll
0x00007ffc82090000 - 0x00007ffc835b3000 	C:\Windows\system32\SHELL32.dll
0x00007ffc80c60000 - 0x00007ffc81289000 	C:\Windows\system32\windows.storage.dll
0x00007ffc81700000 - 0x00007ffc8197c000 	C:\Windows\system32\combase.dll
0x00007ffc81510000 - 0x00007ffc81561000 	C:\Windows\system32\shlwapi.dll
0x00007ffc80610000 - 0x00007ffc8061f000 	C:\Windows\system32\kernel.appcore.dll
0x00007ffc80690000 - 0x00007ffc80743000 	C:\Windows\system32\shcore.dll
0x00007ffc80640000 - 0x00007ffc8068a000 	C:\Windows\system32\powrprof.dll
0x00007ffc805f0000 - 0x00007ffc80603000 	C:\Windows\system32\profapi.dll
0x00007ffc77b00000 - 0x00007ffc77b1a000 	C:\Program Files\Android\Android Studio\jre\jre\bin\net.dll
0x00007ffc7fdd0000 - 0x00007ffc7fe2d000 	C:\Windows\system32\mswsock.dll
0x00007ffc77ae0000 - 0x00007ffc77af1000 	C:\Program Files\Android\Android Studio\jre\jre\bin\nio.dll
0x00007ffc746c0000 - 0x00007ffc746de000 	C:\Users\FCC\.gradle\native\23\windows-amd64\native-platform.dll
0x00007ffc7fe60000 - 0x00007ffc7fe77000 	C:\Windows\SYSTEM32\CRYPTSP.dll
0x00007ffc80520000 - 0x00007ffc80548000 	C:\Windows\SYSTEM32\bcrypt.dll
0x00007ffc7fa30000 - 0x00007ffc7fa63000 	C:\Windows\system32\rsaenh.dll
0x00007ffc7fe30000 - 0x00007ffc7fe4f000 	C:\Windows\SYSTEM32\USERENV.dll
0x00007ffc80410000 - 0x00007ffc8047b000 	C:\Windows\system32\bcryptprimitives.dll
0x00007ffc80070000 - 0x00007ffc8007b000 	C:\Windows\SYSTEM32\CRYPTBASE.dll
0x00007ffc7e2f0000 - 0x00007ffc7e328000 	C:\Windows\SYSTEM32\IPHLPAPI.DLL
0x00007ffc7e2c0000 - 0x00007ffc7e2cb000 	C:\Windows\SYSTEM32\WINNSI.DLL
0x00007ffc7bd30000 - 0x00007ffc7bd46000 	C:\Windows\SYSTEM32\dhcpcsvc6.DLL
0x00007ffc7bab0000 - 0x00007ffc7baca000 	C:\Windows\SYSTEM32\dhcpcsvc.DLL
0x00007ffc7a4b0000 - 0x00007ffc7a4bd000 	C:\Program Files\Android\Android Studio\jre\jre\bin\management.dll
0x00007ffc74ec0000 - 0x00007ffc74ee4000 	C:\Program Files\Android\Android Studio\jre\jre\bin\sunec.dll
0x00007ffc7fa70000 - 0x00007ffc7fb18000 	C:\Windows\SYSTEM32\DNSAPI.dll
0x0000000055880000 - 0x00000000558a6000 	C:\Program Files\Bonjour\mdnsNSP.dll
0x00007ffc78db0000 - 0x00007ffc78dba000 	C:\Windows\System32\rasadhlp.dll
0x00007ffc7bcc0000 - 0x00007ffc7bd28000 	C:\Windows\System32\fwpuclnt.dll
0x00007ffc78e70000 - 0x00007ffc78e7b000 	C:\Program Files\Android\Android Studio\jre\jre\bin\sunmscapi.dll
0x00007ffc80a90000 - 0x00007ffc80c51000 	C:\Windows\system32\CRYPT32.dll
0x00007ffc80620000 - 0x00007ffc80631000 	C:\Windows\system32\MSASN1.dll

VM Arguments:
jvm_args: -Xmx1536m -Dfile.encoding=windows-1256 -Duser.country=US -Duser.language=en -Duser.variant 
java_command: org.gradle.launcher.daemon.bootstrap.GradleDaemon 3.3
java_class_path (initial): C:\Users\FCC\.gradle\wrapper\dists\gradle-3.3-all\55gk2rcmfc6p2dg9u9ohc3hw9\gradle-3.3\lib\gradle-launcher-3.3.jar
Launcher Type: SUN_STANDARD

Environment Variables:
JAVA_HOME=C:\Program Files\Java\jdk1.9.0
PATH=C:\ProgramData\Oracle\Java\javapath;C:\Program Files\Microsoft MPI\Bin\;C:\Program Files (x86)\Intel\iCLS Client\;C:\Program Files\Intel\iCLS Client\;C:\Windows\system32;C:\Windows;C:\Windows\System32\Wbem;C:\Windows\System32\WindowsPowerShell\v1.0\;C:\Program Files (x86)\Intel\Intel(R) Management Engine Components\DAL;C:\Program Files\Intel\Intel(R) Management Engine Components\DAL;C:\Program Files (x86)\Intel\Intel(R) Management Engine Components\IPT;C:\Program Files\Intel\Intel(R) Management Engine Components\IPT;C:\Program Files\Git\cmd
USERNAME=FCC
OS=Windows_NT
PROCESSOR_IDENTIFIER=Intel64 Family 6 Model 94 Stepping 3, GenuineIntel



---------------  S Y S T E M  ---------------

OS: Windows 10.0 , 64 bit Build 10240 (10.0.10240.17113)

CPU:total 4 (4 cores per cpu, 1 threads per core) family 6 model 94 stepping 3, cmov, cx8, fxsr, mmx, sse, sse2, sse3, ssse3, sse4.1, sse4.2, popcnt, avx, avx2, aes, clmul, erms, rtm, 3dnowpref, lzcnt, tsc, tscinvbit, bmi1, bmi2, adx

Memory: 4k page, physical 8261104k(382348k free), swap 11966112k(4608k free)

vm_info: OpenJDK 64-Bit Server VM (25.112-b06) for windows-amd64 JRE (1.8.0_112-release-b06), built on Dec  8 2016 00:54:26 by "builder" with MS VC++ 10.0 (VS2010)

time: Thu Sep 21 13:59:44 2017
elapsed time: 7704 seconds (0d 2h 8m 24s)

